[2025-09-25 00:02:40,348: INFO: main: >>>>>> stage Data Ingestion Stage started <<<<<<]
[2025-09-25 00:02:40,350: INFO: common: yaml file: config/config.yaml loaded successfully]
[2025-09-25 00:02:40,350: INFO: common: yaml file: params.yaml loaded successfully]
[2025-09-25 00:02:40,351: INFO: common: yaml file: schema.yaml loaded successfully]
[2025-09-25 00:02:40,351: INFO: common: created directory at : artifacts]
[2025-09-25 00:02:40,351: INFO: common: created directory at : artifacts/data_ingestion]
[2025-09-25 00:02:41,594: INFO: data_ingestion: artifacts/data_ingestion/IPL_Prediction%20file.zip download! with following info: 
Connection: close
Content-Length: 2840372
Cache-Control: max-age=300
Content-Security-Policy: default-src 'none'; style-src 'unsafe-inline'; sandbox
Content-Type: application/zip
ETag: "0957b239deaca226251c7967a5ae532ee13f49760907051a97fd462a43b0cd0c"
Strict-Transport-Security: max-age=31536000
X-Content-Type-Options: nosniff
X-Frame-Options: deny
X-XSS-Protection: 1; mode=block
X-GitHub-Request-Id: 081C:2AD057:34263D:7692DB:68D4369C
Accept-Ranges: bytes
Date: Wed, 24 Sep 2025 18:32:40 GMT
Via: 1.1 varnish
X-Served-By: cache-bom-vanm7210056-BOM
X-Cache: HIT
X-Cache-Hits: 1
X-Timer: S1758738760.394976,VS0,VE3
Vary: Authorization,Accept-Encoding
Access-Control-Allow-Origin: *
Cross-Origin-Resource-Policy: cross-origin
X-Fastly-Request-ID: 4ed90d596d97a05ff5ef76da6d0429dacb36dc54
Expires: Wed, 24 Sep 2025 18:37:40 GMT
Source-Age: 29

]
[2025-09-25 00:02:41,653: INFO: data_ingestion_pipeline: Data ingestion completed successfully]
[2025-09-25 00:02:41,654: INFO: main: >>>>>> stage Data Ingestion Stage completed <<<<<<

x==========x]
[2025-09-25 00:02:41,654: INFO: main: >>>>>> stage Data Validation Stage started <<<<<<]
[2025-09-25 00:02:41,655: INFO: common: yaml file: config/config.yaml loaded successfully]
[2025-09-25 00:02:41,655: INFO: common: yaml file: params.yaml loaded successfully]
[2025-09-25 00:02:41,656: INFO: common: yaml file: schema.yaml loaded successfully]
[2025-09-25 00:02:41,656: INFO: common: created directory at : artifacts]
[2025-09-25 00:02:41,656: INFO: common: created directory at : artifacts/data_validation]
[2025-09-25 00:02:41,771: INFO: data_validation: All columns are validated]
[2025-09-25 00:02:41,773: INFO: main: >>>>>> stage Data Validation Stage completed <<<<<<

x==========x]
[2025-09-25 00:02:41,773: INFO: main: >>>>>> stage Data Splitting Stage started <<<<<<]
[2025-09-25 00:02:41,774: INFO: common: yaml file: config/config.yaml loaded successfully]
[2025-09-25 00:02:41,775: INFO: common: yaml file: params.yaml loaded successfully]
[2025-09-25 00:02:41,775: INFO: common: yaml file: schema.yaml loaded successfully]
[2025-09-25 00:02:41,775: INFO: common: created directory at : artifacts]
[2025-09-25 00:02:41,775: INFO: common: created directory at : artifacts/data_splitting]
[2025-09-25 00:02:41,885: INFO: data_spiltting: Read data with shape: (250331, 14)]
[2025-09-25 00:02:46,361: INFO: data_spiltting: Processed data saved to artifacts/data_splitting]
[2025-09-25 00:02:46,361: INFO: data_spiltting: Train shape: (200264, 71), Test shape: (50067, 71)]
[2025-09-25 00:02:46,367: INFO: data_splitter_pipeline: Data splitting completed. Train shape: (200264, 71), Test shape: (50067, 71)]
[2025-09-25 00:02:46,370: INFO: main: >>>>>> stage Data Splitting Stage completed <<<<<<

x==========x]
[2025-09-25 00:02:46,370: INFO: main: >>>>>> stage Model Training Stage started <<<<<<]
[2025-09-25 00:02:46,371: INFO: common: yaml file: config/config.yaml loaded successfully]
[2025-09-25 00:02:46,372: INFO: common: yaml file: params.yaml loaded successfully]
[2025-09-25 00:02:46,372: INFO: common: yaml file: schema.yaml loaded successfully]
[2025-09-25 00:02:46,372: INFO: common: created directory at : artifacts]
[2025-09-25 00:02:46,372: INFO: common: created directory at : artifacts/model_trainer]
[2025-09-25 00:02:46,848: INFO: model_trainer: Available columns in training data: ['target_runs', 'current_score', 'wickets', 'crr', 'rrr', 'batter_total_runs', 'batter_strikerate', 'non_striker_runs', 'non_striker_strikerate', 'city_Ahmedabad', 'city_Bangalore', 'city_Bengaluru', 'city_Bloemfontein', 'city_Cape Town', 'city_Centurion', 'city_Chandigarh', 'city_Chennai', 'city_Cuttack', 'city_Delhi', 'city_Dharamsala', 'city_Dubai', 'city_Durban', 'city_East London', 'city_Guwahati', 'city_Hyderabad', 'city_Indore', 'city_Jaipur', 'city_Johannesburg', 'city_Kanpur', 'city_Kimberley', 'city_Kolkata', 'city_Lucknow', 'city_Mohali', 'city_Mumbai', 'city_Nagpur', 'city_Navi Mumbai', 'city_Port Elizabeth', 'city_Pune', 'city_Raipur', 'city_Rajkot', 'city_Ranchi', 'city_Sharjah', 'city_Visakhapatnam', 'match_type_Elimination Final', 'match_type_Eliminator', 'match_type_Final', 'match_type_League', 'match_type_Qualifier 1', 'match_type_Qualifier 2', 'match_type_Semi Final', 'batting_team_Delhi Capitals', 'batting_team_Gujarat Titans', 'batting_team_Kolkata Knight Riders', 'batting_team_Lucknow Super Giants', 'batting_team_Mumbai Indians', 'batting_team_Punjab Kings', 'batting_team_Rajasthan Royals', 'batting_team_Rising Pune Supergiants', 'batting_team_Royal Challengers Bengaluru', 'batting_team_Sunrisers Hyderabad', 'bowling_team_Delhi Capitals', 'bowling_team_Gujarat Titans', 'bowling_team_Kolkata Knight Riders', 'bowling_team_Lucknow Super Giants', 'bowling_team_Mumbai Indians', 'bowling_team_Punjab Kings', 'bowling_team_Rajasthan Royals', 'bowling_team_Rising Pune Supergiants', 'bowling_team_Royal Challengers Bengaluru', 'bowling_team_Sunrisers Hyderabad', 'batting_team_win']]
[2025-09-25 00:02:46,848: INFO: model_trainer: Target column from config: batting_team_win]
[2025-09-25 00:02:48,864: INFO: model_trainer_pipeline: Model training completed successfully]
[2025-09-25 00:02:48,869: INFO: model_trainer_pipeline: Model saved at: artifacts/model_trainer/model.pkl]
[2025-09-25 00:02:48,872: INFO: main: >>>>>> stage Model Training Stage completed <<<<<<

x==========x]
[2025-09-25 00:02:48,872: INFO: main: >>>>>> stage Model Evaluation Stage started <<<<<<]
[2025-09-25 00:02:48,873: INFO: common: yaml file: config/config.yaml loaded successfully]
[2025-09-25 00:02:48,873: INFO: common: yaml file: params.yaml loaded successfully]
[2025-09-25 00:02:48,874: INFO: common: yaml file: schema.yaml loaded successfully]
[2025-09-25 00:02:48,874: INFO: common: created directory at : artifacts]
[2025-09-25 00:02:48,874: INFO: common: created directory at : artifacts/model_evaluation]
[2025-09-25 00:02:49,303: INFO: model_evaluation: Model evaluation completed successfully]
[2025-09-25 00:02:49,304: INFO: model_evaluation: Metrics saved to: artifacts/model_evaluation/metrics.json]
[2025-09-25 00:02:49,306: INFO: model_evaluation_pipeline: Model Evaluation Results:]
[2025-09-25 00:02:49,306: INFO: model_evaluation_pipeline: accuracy: 0.7201]
[2025-09-25 00:02:49,306: INFO: model_evaluation_pipeline: precision: 0.7202]
[2025-09-25 00:02:49,306: INFO: model_evaluation_pipeline: recall: 0.7201]
[2025-09-25 00:02:49,306: INFO: model_evaluation_pipeline: f1_score: 0.7198]
[2025-09-25 00:02:49,306: INFO: model_evaluation_pipeline: Metrics saved at: artifacts/model_evaluation/metrics.json]
[2025-09-25 00:02:49,306: INFO: main: >>>>>> stage Model Evaluation Stage completed <<<<<<

x==========x]
[2025-09-25 00:02:49,306: INFO: main: >>>>> IPL Prediction Pipeline Started <<<<<]
[2025-09-25 00:02:49,306: INFO: main: >>>>> IPL Prediction Pipeline Completed <<<<<

]
